Created by PLY version 3.9 (http://www.dabeaz.com/ply)

Unused terminals:

    STUDY
    COLON
    NE
    LT
    FORK
    MENORMENOR
    M
    LC
    MENORIGUALMAYOR
    GOTO
    QQDIAGONALSTRINGDIAGONAL
    DO
    LENGTH
    LAST
    EXIT
    CMP
    SPRINTF
    AMPERSANTAMPERSANT
    TRDIAGONAL
    ABS
    ORD
    HASHTAG
    CONTINUE
    RESTAMAYOR
    DIFERENTECOMPLEMENTO
    PUNTOPUNTOPUNTO
    YDIAGONAL
    SALTOLINEA
    X
    RINDEX
    GT
    SEX
    SDIAGONAL
    INTERROGACOLON
    PUNTO
    NEXT
    EQ
    DIE
    REDO
    FOREACH
    UCFIRST
    HEX
    UC
    LE
    COMPLEMENTO
    IGUALCOMPLEMENTO
    INDEX
    CHMOD
    NOT
    DELETE
    CHR
    PORCENTAJE
    CHOWN
    FILENO
    POST
    REVERSE
    PUNTOPUNTO
    OCT
    SUMAIGUAL
    CARET
    SIN
    MAYORMAYOR
    IGUALMAYOR
    UNLESS
    EACH
    INT
    ELSIF
    GE
    XOR
    PLECAPLECA
    QDIAGONALSTRINGDIAGONAL
    CRYPT
    PLECA
    DIFERENTE
    EXP
    EOF
    SUBSTR
    DEFINED

Grammar

Rule 0     S' -> program
Rule 1     program -> declaration_list
Rule 2     declaration_list -> declaration_list declaration
Rule 3     declaration_list -> declaration
Rule 4     declaration -> var_declaration
Rule 5     declaration -> fun_declaration
Rule 6     declaration -> fun_execute
Rule 7     declaration -> header_declaration
Rule 8     header_declaration -> CABECERA
Rule 9     var_declaration -> var_declaration3 SEMICOLON
Rule 10    var_declaration2 -> ID LBRACKET NUMERO RBRACKET SEMICOLON
Rule 11    var_declaration3 -> ID COMA var_declaration2
Rule 12    var_declaration3 -> ID
Rule 13    var_declaration3 -> ID IGUAL NUMERO COMA var_declaration2
Rule 14    var_declaration3 -> ID IGUAL NUMERO
Rule 15    var_declaration3 -> ID IGUAL TEXTO COMA var_declaration2
Rule 16    var_declaration3 -> ID IGUAL TEXTO
Rule 17    var_declaration3 -> ID IGUAL simple_expression
Rule 18    var_declaration3 -> MULTIPLICA ID COMA var_declaration2
Rule 19    var_declaration3 -> ID IGUAL ID
Rule 20    var_declaration3 -> ID IGUAL ID COMA var_declaration2
Rule 21    var_declaration3 -> MULTIPLICA ID
Rule 22    var_declaration3 -> COMA
Rule 23    var_declaration3 -> MULTIPLICA MULTIPLICA ID
Rule 24    var_declaration3 -> MULTIPLICA MULTIPLICA ID COMA var_declaration2
Rule 25    fun_execute -> PRINT expression SEMICOLON
Rule 26    fun_execute -> PRINT expression COMA expression SEMICOLON
Rule 27    fun_execute -> CHOP expression SEMICOLON
Rule 28    fun_declaration -> SUB IDF LBLOCK compount_stmt RBLOCK
Rule 29    params -> param_list
Rule 30    param_list -> param_list COMA param
Rule 31    param_list -> param
Rule 32    param_list -> empty
Rule 33    param -> ID
Rule 34    param -> ID LBRACKET RBRACKET
Rule 35    compount_stmt -> var_declaration
Rule 36    compount_stmt -> fun_execute
Rule 37    compount_stmt -> header_declaration
Rule 38    local_declarations -> local_declarations var_declaration
Rule 39    local_declarations -> empty
Rule 40    statement_list -> statement_list statement
Rule 41    statement_list -> empty
Rule 42    statement -> expression_stmt
Rule 43    statement -> compount_stmt
Rule 44    statement -> selection_stmt
Rule 45    statement -> iteration_stm
Rule 46    statement -> return_stmt
Rule 47    expression_stmt -> expression SEMICOLON
Rule 48    expression_stmt -> SEMICOLON
Rule 49    selection_stmt -> IF LPAREN expression RPAREN statement
Rule 50    selection_stmt -> IF LPAREN expression RPAREN statement ELSE statement
Rule 51    selection_stmt -> UNTIL LPAREN expression RPAREN statement
Rule 52    iteration_stmt -> WHILE LPAREN expression RPAREN statement
Rule 53    iteration_stmt -> FOR LPAREN var_declaration2 SEMICOLON expression SEMICOLON additive_expression RPAREN statement
Rule 54    return_stmt -> RETURN SEMICOLON
Rule 55    return_stmt -> RETURN expression SEMICOLON
Rule 56    expression -> var IGUAL expression
Rule 57    expression -> simple_expression
Rule 58    expression -> var IGUAL AMPERSANT ID
Rule 59    var -> ID
Rule 60    var -> TEXTO
Rule 61    var -> ID LBRACKET expression RBRACKET
Rule 62    simple_expression -> additive_expression relop additive_expression
Rule 63    simple_expression -> additive_expression
Rule 64    relop -> MENOR
Rule 65    relop -> MAYOR
Rule 66    relop -> MENORIGUAL
Rule 67    relop -> MAYORIGUAL
Rule 68    relop -> IGUALIGUAL
Rule 69    relop -> DIFERENTEIGUAL
Rule 70    relop -> AND
Rule 71    relop -> OR
Rule 72    additive_expression -> additive_expression addop term
Rule 73    additive_expression -> additive_expression addop additive_expression
Rule 74    additive_expression -> term
Rule 75    additive_expression -> term RESTARESTA
Rule 76    additive_expression -> term SUMASUMA
Rule 77    additive_expression -> term MULTIPLICAIGUAL
Rule 78    additive_expression -> term RESTAIGUAL
Rule 79    additive_expression -> term MULTIPLICAMULTIPLICA
Rule 80    addop -> SUMA
Rule 81    addop -> RESTA
Rule 82    term -> term mulop factor
Rule 83    term -> factor
Rule 84    mulop -> MULTIPLICA
Rule 85    mulop -> DIVIDE
Rule 86    factor -> LPAREN expression RPAREN
Rule 87    factor -> var
Rule 88    factor -> call
Rule 89    factor -> NUMERO
Rule 90    call -> ID LPAREN args RPAREN
Rule 91    args -> args_list
Rule 92    args -> empty
Rule 93    args_list -> args_list COMA expression
Rule 94    args_list -> expression
Rule 95    empty -> <empty>

Terminals, with rules where they appear

ABS                  : 
AMPERSANT            : 58
AMPERSANTAMPERSANT   : 
AND                  : 70
CABECERA             : 8
CARET                : 
CHMOD                : 
CHOP                 : 27
CHOWN                : 
CHR                  : 
CMP                  : 
COLON                : 
COMA                 : 11 13 15 18 20 22 24 26 30 93
COMPLEMENTO          : 
CONTINUE             : 
CRYPT                : 
DEFINED              : 
DELETE               : 
DIE                  : 
DIFERENTE            : 
DIFERENTECOMPLEMENTO : 
DIFERENTEIGUAL       : 69
DIVIDE               : 85
DO                   : 
EACH                 : 
ELSE                 : 50
ELSIF                : 
EOF                  : 
EQ                   : 
EXIT                 : 
EXP                  : 
FILENO               : 
FOR                  : 53
FOREACH              : 
FORK                 : 
GE                   : 
GOTO                 : 
GT                   : 
HASHTAG              : 
HEX                  : 
ID                   : 10 11 12 13 14 15 16 17 18 19 19 20 20 21 23 24 33 34 58 59 61 90
IDF                  : 28
IF                   : 49 50
IGUAL                : 13 14 15 16 17 19 20 56 58
IGUALCOMPLEMENTO     : 
IGUALIGUAL           : 68
IGUALMAYOR           : 
INDEX                : 
INT                  : 
INTERROGACOLON       : 
LAST                 : 
LBLOCK               : 28
LBRACKET             : 10 34 61
LC                   : 
LE                   : 
LENGTH               : 
LPAREN               : 49 50 51 52 53 86 90
LT                   : 
M                    : 
MAYOR                : 65
MAYORIGUAL           : 67
MAYORMAYOR           : 
MENOR                : 64
MENORIGUAL           : 66
MENORIGUALMAYOR      : 
MENORMENOR           : 
MULTIPLICA           : 18 21 23 23 24 24 84
MULTIPLICAIGUAL      : 77
MULTIPLICAMULTIPLICA : 79
NE                   : 
NEXT                 : 
NOT                  : 
NUMERO               : 10 13 14 89
OCT                  : 
OR                   : 71
ORD                  : 
PLECA                : 
PLECAPLECA           : 
PORCENTAJE           : 
POST                 : 
PRINT                : 25 26
PUNTO                : 
PUNTOPUNTO           : 
PUNTOPUNTOPUNTO      : 
QDIAGONALSTRINGDIAGONAL : 
QQDIAGONALSTRINGDIAGONAL : 
RBLOCK               : 28
RBRACKET             : 10 34 61
REDO                 : 
RESTA                : 81
RESTAIGUAL           : 78
RESTAMAYOR           : 
RESTARESTA           : 75
RETURN               : 54 55
REVERSE              : 
RINDEX               : 
RPAREN               : 49 50 51 52 53 86 90
SALTOLINEA           : 
SDIAGONAL            : 
SEMICOLON            : 9 10 25 26 27 47 48 53 53 54 55
SEX                  : 
SIN                  : 
SPRINTF              : 
STUDY                : 
SUB                  : 28
SUBSTR               : 
SUMA                 : 80
SUMAIGUAL            : 
SUMASUMA             : 76
TEXTO                : 15 16 60
TRDIAGONAL           : 
UC                   : 
UCFIRST              : 
UNLESS               : 
UNTIL                : 51
WHILE                : 52
X                    : 
XOR                  : 
YDIAGONAL            : 
error                : 

Nonterminals, with rules where they appear

additive_expression  : 53 62 62 63 72 73 73
addop                : 72 73
args                 : 90
args_list            : 91 93
call                 : 88
compount_stmt        : 28 43
declaration          : 2 3
declaration_list     : 1 2
empty                : 32 39 41 92
expression           : 25 26 26 27 47 49 50 51 52 53 55 56 61 86 93 94
expression_stmt      : 42
factor               : 82 83
fun_declaration      : 5
fun_execute          : 6 36
header_declaration   : 7 37
iteration_stm        : 45
iteration_stmt       : 
local_declarations   : 38
mulop                : 82
param                : 30 31
param_list           : 29 30
params               : 
program              : 0
relop                : 62
return_stmt          : 46
selection_stmt       : 44
simple_expression    : 17 57
statement            : 40 49 50 50 51 52 53
statement_list       : 40
term                 : 72 74 75 76 77 78 79 82
var                  : 56 58 87
var_declaration      : 4 35 38
var_declaration2     : 11 13 15 18 20 24 53
var_declaration3     : 9

